Khvesyuk/lab8/app/build/intermediates/manifest_merge_blame_file/debug/processDebugMainManifest/manifest-merger-blame-debug-report.txt
1<?xml version="1.0" encoding="utf-8"?>
2<manifest xmlns:android="http://schemas.android.com/apk/res/android"
3    package="com.example.lab8"
4    android:versionCode="1"
5    android:versionName="1.0" >
6
7    <uses-sdk
8        android:minSdkVersion="24"
9        android:targetSdkVersion="35" />
10
11    <uses-permission android:name="android.permission.INTERNET" />
11-->src\main\AndroidManifest.xml:5:5-66
11-->src\main\AndroidManifest.xml:5:22-64
12    <uses-permission android:name="android.permission.ACCESS_FINE_LOCATION" />
12-->src\main\AndroidManifest.xml:6:5-78
12-->src\main\AndroidManifest.xml:6:22-76
13    <uses-permission android:name="android.permission.ACCESS_COARSE_LOCATION" />
13-->src\main\AndroidManifest.xml:7:5-80
13-->src\main\AndroidManifest.xml:7:22-78
14    <uses-permission android:name="android.permission.ACCESS_BACKGROUND_LOCATION" />
14-->src\main\AndroidManifest.xml:8:5-84
14-->src\main\AndroidManifest.xml:8:22-82
15    <uses-permission android:name="android.permission.FOREGROUND_SERVICE_LOCATION" />
15-->src\main\AndroidManifest.xml:9:5-85
15-->src\main\AndroidManifest.xml:9:22-83
16    <uses-permission android:name="android.permission.WRITE_EXTERNAL_STORAGE" />
16-->src\main\AndroidManifest.xml:10:5-80
16-->src\main\AndroidManifest.xml:10:22-78
17    <uses-permission android:name="android.permission.READ_EXTERNAL_STORAGE" />
17-->src\main\AndroidManifest.xml:11:5-79
17-->src\main\AndroidManifest.xml:11:22-77
18    <uses-permission android:name="android.permission.FOREGROUND_SERVICE" />
18-->src\main\AndroidManifest.xml:12:5-76
18-->src\main\AndroidManifest.xml:12:22-74
19
20    <supports-screens
20-->[org.osmdroid:osmdroid-android:6.1.14] AndroidManifest.xml:9:5-12:40
21        android:anyDensity="true"
21-->[org.osmdroid:osmdroid-android:6.1.14] AndroidManifest.xml:10:9-34
22        android:largeScreens="true"
22-->[org.osmdroid:osmdroid-android:6.1.14] AndroidManifest.xml:11:9-36
23        android:normalScreens="true" />
23-->[org.osmdroid:osmdroid-android:6.1.14] AndroidManifest.xml:12:9-37
24
25    <uses-feature
25-->[org.osmdroid:osmdroid-android:6.1.14] AndroidManifest.xml:14:5-16:36
26        android:name="android.hardware.location.network"
26-->[org.osmdroid:osmdroid-android:6.1.14] AndroidManifest.xml:15:9-57
27        android:required="false" />
27-->[org.osmdroid:osmdroid-android:6.1.14] AndroidManifest.xml:16:9-33
28    <uses-feature
28-->[org.osmdroid:osmdroid-android:6.1.14] AndroidManifest.xml:17:5-19:36
29        android:name="android.hardware.location.gps"
29-->[org.osmdroid:osmdroid-android:6.1.14] AndroidManifest.xml:18:9-53
30        android:required="false" />
30-->[org.osmdroid:osmdroid-android:6.1.14] AndroidManifest.xml:19:9-33
31    <uses-feature
31-->[org.osmdroid:osmdroid-android:6.1.14] AndroidManifest.xml:20:5-22:36
32        android:name="android.hardware.telephony"
32-->[org.osmdroid:osmdroid-android:6.1.14] AndroidManifest.xml:21:9-50
33        android:required="false" />
33-->[org.osmdroid:osmdroid-android:6.1.14] AndroidManifest.xml:22:9-33
34    <uses-feature
34-->[org.osmdroid:osmdroid-android:6.1.14] AndroidManifest.xml:23:5-25:36
35        android:name="android.hardware.wifi"
35-->[org.osmdroid:osmdroid-android:6.1.14] AndroidManifest.xml:24:9-45
36        android:required="false" />
36-->[org.osmdroid:osmdroid-android:6.1.14] AndroidManifest.xml:25:9-33
37
38    <permission
38-->[androidx.core:core:1.13.0] AndroidManifest.xml:22:5-24:47
39        android:name="com.example.lab8.DYNAMIC_RECEIVER_NOT_EXPORTED_PERMISSION"
39-->[androidx.core:core:1.13.0] AndroidManifest.xml:23:9-81
40        android:protectionLevel="signature" />
40-->[androidx.core:core:1.13.0] AndroidManifest.xml:24:9-44
41
42    <uses-permission android:name="com.example.lab8.DYNAMIC_RECEIVER_NOT_EXPORTED_PERMISSION" />
42-->[androidx.core:core:1.13.0] AndroidManifest.xml:26:5-97
42-->[androidx.core:core:1.13.0] AndroidManifest.xml:26:22-94
43
44    <application
44-->src\main\AndroidManifest.xml:15:5-47:19
45        android:allowBackup="true"
45-->src\main\AndroidManifest.xml:16:9-35
46        android:appComponentFactory="androidx.core.app.CoreComponentFactory"
46-->[androidx.core:core:1.13.0] AndroidManifest.xml:28:18-86
47        android:dataExtractionRules="@xml/data_extraction_rules"
47-->src\main\AndroidManifest.xml:17:9-65
48        android:debuggable="true"
49        android:extractNativeLibs="false"
50        android:fullBackupContent="@xml/backup_rules"
50-->src\main\AndroidManifest.xml:18:9-54
51        android:icon="@mipmap/ic_launcher"
51-->src\main\AndroidManifest.xml:19:9-43
52        android:label="@string/app_name"
52-->src\main\AndroidManifest.xml:20:9-41
53        android:roundIcon="@mipmap/ic_launcher_round"
53-->src\main\AndroidManifest.xml:21:9-54
54        android:supportsRtl="true"
54-->src\main\AndroidManifest.xml:22:9-35
55        android:testOnly="true"
56        android:theme="@style/Theme.Lab8" >
56-->src\main\AndroidManifest.xml:23:9-42
57
58        <!-- Регистрация Receiver в манифесте -->
59        <receiver
59-->src\main\AndroidManifest.xml:27:9-31:20
60            android:name="com.example.lab8.LocationReceiver"
60-->src\main\AndroidManifest.xml:27:19-51
61            android:enabled="true"
61-->src\main\AndroidManifest.xml:27:52-74
62            android:exported="true" >
62-->src\main\AndroidManifest.xml:27:75-98
63            <intent-filter>
63-->src\main\AndroidManifest.xml:28:13-30:29
64                <action android:name="com.example.lab8.LOCATION_UPDATED" />
64-->src\main\AndroidManifest.xml:29:17-75
64-->src\main\AndroidManifest.xml:29:25-73
65            </intent-filter>
66        </receiver>
67
68        <service
68-->src\main\AndroidManifest.xml:33:9-36:39
69            android:name="com.example.lab8.LocationService"
69-->src\main\AndroidManifest.xml:34:13-44
70            android:exported="false"
70-->src\main\AndroidManifest.xml:36:13-37
71            android:foregroundServiceType="location" />
71-->src\main\AndroidManifest.xml:35:13-53
72
73        <activity
73-->src\main\AndroidManifest.xml:38:9-46:20
74            android:name="com.example.lab8.MainActivity"
74-->src\main\AndroidManifest.xml:39:13-41
75            android:exported="true" >
75-->src\main\AndroidManifest.xml:40:13-36
76            <intent-filter>
76-->src\main\AndroidManifest.xml:41:13-45:29
77                <action android:name="android.intent.action.MAIN" />
77-->src\main\AndroidManifest.xml:42:17-69
77-->src\main\AndroidManifest.xml:42:25-66
78
79                <category android:name="android.intent.category.LAUNCHER" />
79-->src\main\AndroidManifest.xml:44:17-77
79-->src\main\AndroidManifest.xml:44:27-74
80            </intent-filter>
81        </activity>
82        <activity
82-->[com.google.android.gms:play-services-base:18.1.0] AndroidManifest.xml:20:9-22:45
83            android:name="com.google.android.gms.common.api.GoogleApiActivity"
83-->[com.google.android.gms:play-services-base:18.1.0] AndroidManifest.xml:20:19-85
84            android:exported="false"
84-->[com.google.android.gms:play-services-base:18.1.0] AndroidManifest.xml:22:19-43
85            android:theme="@android:style/Theme.Translucent.NoTitleBar" />
85-->[com.google.android.gms:play-services-base:18.1.0] AndroidManifest.xml:21:19-78
86
87        <meta-data
87-->[com.google.android.gms:play-services-basement:18.1.0] AndroidManifest.xml:21:9-23:69
88            android:name="com.google.android.gms.version"
88-->[com.google.android.gms:play-services-basement:18.1.0] AndroidManifest.xml:22:13-58
89            android:value="@integer/google_play_services_version" />
89-->[com.google.android.gms:play-services-basement:18.1.0] AndroidManifest.xml:23:13-66
90
91        <provider
91-->[androidx.emoji2:emoji2:1.3.0] AndroidManifest.xml:24:9-32:20
92            android:name="androidx.startup.InitializationProvider"
92-->[androidx.emoji2:emoji2:1.3.0] AndroidManifest.xml:25:13-67
93            android:authorities="com.example.lab8.androidx-startup"
93-->[androidx.emoji2:emoji2:1.3.0] AndroidManifest.xml:26:13-68
94            android:exported="false" >
94-->[androidx.emoji2:emoji2:1.3.0] AndroidManifest.xml:27:13-37
95            <meta-data
95-->[androidx.emoji2:emoji2:1.3.0] AndroidManifest.xml:29:13-31:52
96                android:name="androidx.emoji2.text.EmojiCompatInitializer"
96-->[androidx.emoji2:emoji2:1.3.0] AndroidManifest.xml:30:17-75
97                android:value="androidx.startup" />
97-->[androidx.emoji2:emoji2:1.3.0] AndroidManifest.xml:31:17-49
98            <meta-data
98-->[androidx.lifecycle:lifecycle-process:2.6.2] AndroidManifest.xml:29:13-31:52
99                android:name="androidx.lifecycle.ProcessLifecycleInitializer"
99-->[androidx.lifecycle:lifecycle-process:2.6.2] AndroidManifest.xml:30:17-78
100                android:value="androidx.startup" />
100-->[androidx.lifecycle:lifecycle-process:2.6.2] AndroidManifest.xml:31:17-49
101            <meta-data
101-->[androidx.profileinstaller:profileinstaller:1.4.0] AndroidManifest.xml:29:13-31:52
102                android:name="androidx.profileinstaller.ProfileInstallerInitializer"
102-->[androidx.profileinstaller:profileinstaller:1.4.0] AndroidManifest.xml:30:17-85
103                android:value="androidx.startup" />
103-->[androidx.profileinstaller:profileinstaller:1.4.0] AndroidManifest.xml:31:17-49
104        </provider>
105
106        <receiver
106-->[androidx.profileinstaller:profileinstaller:1.4.0] AndroidManifest.xml:34:9-52:20
107            android:name="androidx.profileinstaller.ProfileInstallReceiver"
107-->[androidx.profileinstaller:profileinstaller:1.4.0] AndroidManifest.xml:35:13-76
108            android:directBootAware="false"
108-->[androidx.profileinstaller:profileinstaller:1.4.0] AndroidManifest.xml:36:13-44
109            android:enabled="true"
109-->[androidx.profileinstaller:profileinstaller:1.4.0] AndroidManifest.xml:37:13-35
110            android:exported="true"
110-->[androidx.profileinstaller:profileinstaller:1.4.0] AndroidManifest.xml:38:13-36
111            android:permission="android.permission.DUMP" >
111-->[androidx.profileinstaller:profileinstaller:1.4.0] AndroidManifest.xml:39:13-57
112            <intent-filter>
112-->[androidx.profileinstaller:profileinstaller:1.4.0] AndroidManifest.xml:40:13-42:29
113                <action android:name="androidx.profileinstaller.action.INSTALL_PROFILE" />
113-->[androidx.profileinstaller:profileinstaller:1.4.0] AndroidManifest.xml:41:17-91
113-->[androidx.profileinstaller:profileinstaller:1.4.0] AndroidManifest.xml:41:25-88
114            </intent-filter>
115            <intent-filter>
115-->[androidx.profileinstaller:profileinstaller:1.4.0] AndroidManifest.xml:43:13-45:29
116                <action android:name="androidx.profileinstaller.action.SKIP_FILE" />
116-->[androidx.profileinstaller:profileinstaller:1.4.0] AndroidManifest.xml:44:17-85
116-->[androidx.profileinstaller:profileinstaller:1.4.0] AndroidManifest.xml:44:25-82
117            </intent-filter>
118            <intent-filter>
118-->[androidx.profileinstaller:profileinstaller:1.4.0] AndroidManifest.xml:46:13-48:29
119                <action android:name="androidx.profileinstaller.action.SAVE_PROFILE" />
119-->[androidx.profileinstaller:profileinstaller:1.4.0] AndroidManifest.xml:47:17-88
119-->[androidx.profileinstaller:profileinstaller:1.4.0] AndroidManifest.xml:47:25-85
120            </intent-filter>
121            <intent-filter>
121-->[androidx.profileinstaller:profileinstaller:1.4.0] AndroidManifest.xml:49:13-51:29
122                <action android:name="androidx.profileinstaller.action.BENCHMARK_OPERATION" />
122-->[androidx.profileinstaller:profileinstaller:1.4.0] AndroidManifest.xml:50:17-95
122-->[androidx.profileinstaller:profileinstaller:1.4.0] AndroidManifest.xml:50:25-92
123            </intent-filter>
124        </receiver>
125    </application>
126
127</manifest>